[2024-08-27 12:35:30,897] INFO in pull_api_data: Watchlist file: watchlist.csv
[2024-08-27 12:35:30,897] INFO in pull_api_data: Test Size: 100
[2024-08-27 12:35:30,903] INFO in pull_api_data: Symbols: ['AAPL', 'BA', 'NFLX', 'AMD', 'TSLA', 'MGM', 'GOOG', 'MU', 'CRWD', 'SNAP', 'PENN', 'SLV', 'SHOP', 'FAS', 'AVGO', 'SPCE', 'NVDA', 'SOXL', 'TECL', 'NUGT', 'AMZN', 'ACB', 'PYPL', 'COIN', 'W', 'FIGS', 'BLK', 'GLD', 'DOCS', 'MS', 'MA', 'V', 'GUSH', 'JPM', 'MSFT', 'LABU', 'LRCX', 'JEPI', 'NUSI', 'QYLD', 'DKNG', 'BITO', 'WMT', 'DWAS', 'PALL', 'LMT', 'RBLX', 'QCOM', 'ALL', 'TAP', 'WM', 'XLB', 'XLF', 'XLI', 'XLK', 'XLP', 'XLRE', 'XLU', 'XLV', 'XLY', 'XLE', 'XRT', 'QQQ', 'TQQQ', 'SQQQ', 'SPY']
[2024-08-27 12:35:34,459] INFO in core_stock: AAPL core data
[2024-08-27 12:35:38,354] INFO in core_stock: BA core data
[2024-08-27 12:35:42,043] INFO in core_stock: NFLX core data
[2024-08-27 12:35:45,553] INFO in core_stock: AMD core data
[2024-08-27 12:35:49,077] INFO in core_stock: TSLA core data
[2024-08-27 12:35:52,086] INFO in core_stock: MGM core data
[2024-08-27 12:35:55,430] INFO in core_stock: GOOG core data
[2024-08-27 12:35:57,948] INFO in core_stock: MU core data
[2024-08-27 12:36:04,605] INFO in core_stock: CRWD core data
[2024-08-27 12:37:07,040] INFO in core_stock: SNAP core data
[2024-08-27 12:37:10,269] INFO in core_stock: PENN core data
[2024-08-27 12:37:13,975] INFO in core_stock: SLV core data
[2024-08-27 12:37:17,051] INFO in core_stock: SHOP core data
[2024-08-27 12:37:19,542] INFO in core_stock: FAS core data
[2024-08-27 12:37:22,578] INFO in core_stock: AVGO core data
[2024-08-27 12:37:25,536] INFO in core_stock: SPCE core data
[2024-08-27 12:37:27,851] INFO in core_stock: NVDA core data
[2024-08-27 12:37:31,989] INFO in core_stock: SOXL core data
[2024-08-27 12:39:29,304] INFO in core_stock: TECL core data
[2024-08-27 12:39:32,472] INFO in core_stock: NUGT core data
[2024-08-27 12:39:35,702] INFO in core_stock: AMZN core data
[2024-08-27 12:39:39,596] INFO in core_stock: ACB core data
[2024-08-27 12:39:42,326] INFO in core_stock: PYPL core data
[2024-08-27 12:39:44,928] INFO in core_stock: COIN core data
[2024-08-27 12:39:47,087] INFO in core_stock: W core data
[2024-08-27 12:39:49,757] INFO in core_stock: FIGS core data
[2024-08-27 12:39:52,185] INFO in core_stock: BLK core data
[2024-08-27 12:40:56,277] INFO in core_stock: GLD core data
[2024-08-27 12:40:59,686] INFO in core_stock: DOCS core data
[2024-08-27 12:41:06,626] INFO in core_stock: MS core data
[2024-08-27 12:41:12,629] INFO in core_stock: MA core data
[2024-08-27 12:41:16,282] INFO in core_stock: V core data
[2024-08-27 12:41:19,700] INFO in core_stock: GUSH core data
[2024-08-27 12:41:22,490] INFO in core_stock: JPM core data
[2024-08-27 12:41:26,446] INFO in core_stock: MSFT core data
[2024-08-27 12:41:30,358] INFO in core_stock: LABU core data
[2024-08-27 12:43:21,333] INFO in core_stock: LRCX core data
[2024-08-27 12:43:25,300] INFO in core_stock: JEPI core data
[2024-08-27 12:43:27,526] INFO in core_stock: NUSI core data
[2024-08-27 12:43:29,476] INFO in core_stock: QYLD core data
[2024-08-27 12:43:32,987] INFO in core_stock: DKNG core data
[2024-08-27 12:43:37,407] INFO in core_stock: BITO core data
[2024-08-27 12:43:39,375] INFO in core_stock: WMT core data
[2024-08-27 12:43:42,986] INFO in core_stock: DWAS core data
[2024-08-27 12:43:45,510] INFO in core_stock: PALL core data
[2024-08-27 12:44:48,327] INFO in core_stock: LMT core data
[2024-08-27 12:44:51,914] INFO in core_stock: RBLX core data
[2024-08-27 12:44:54,079] INFO in core_stock: QCOM core data
[2024-08-27 12:44:58,115] INFO in core_stock: ALL core data
[2024-08-27 12:45:06,186] INFO in core_stock: TAP core data
[2024-08-27 12:45:13,236] INFO in core_stock: WM core data
[2024-08-27 12:45:17,723] INFO in core_stock: XLB core data
[2024-08-27 12:45:22,512] INFO in core_stock: XLF core data
[2024-08-27 12:45:26,103] INFO in core_stock: XLI core data
[2024-08-27 12:46:29,982] INFO in core_stock: XLK core data
[2024-08-27 12:46:33,722] INFO in core_stock: XLP core data
[2024-08-27 12:46:37,169] INFO in core_stock: XLRE core data
[2024-08-27 12:46:39,748] INFO in core_stock: XLU core data
[2024-08-27 12:46:43,648] INFO in core_stock: XLV core data
[2024-08-27 12:46:47,363] INFO in core_stock: XLY core data
[2024-08-27 12:46:51,070] INFO in core_stock: XLE core data
[2024-08-27 12:46:54,569] INFO in core_stock: XRT core data
[2024-08-27 12:46:57,699] INFO in core_stock: QQQ core data
[2024-08-27 12:48:08,030] INFO in core_stock: TQQQ core data
[2024-08-27 12:48:14,487] INFO in core_stock: SQQQ core data
[2024-08-27 12:48:18,737] INFO in core_stock: SPY core data
[2024-08-27 18:34:21,557] INFO in pull_api_data: Watchlist file: watchlist.csv
[2024-08-27 18:34:21,557] INFO in pull_api_data: Test Size: 5
[2024-08-27 18:34:21,562] INFO in pull_api_data: Symbols: ['AAPL', 'BA', 'NFLX', 'AMD', 'TSLA']
[2024-08-27 18:34:26,929] INFO in pull_api_data: Watchlist file: watchlist.csv
[2024-08-27 18:34:26,929] INFO in pull_api_data: Test Size: 200
[2024-08-27 18:34:26,931] INFO in pull_api_data: Symbols: ['AAPL', 'BA', 'NFLX', 'AMD', 'TSLA', 'MGM', 'GOOG', 'MU', 'CRWD', 'SNAP', 'PENN', 'SLV', 'SHOP', 'FAS', 'AVGO', 'SPCE', 'NVDA', 'SOXL', 'TECL', 'NUGT', 'AMZN', 'ACB', 'PYPL', 'COIN', 'W', 'FIGS', 'BLK', 'GLD', 'DOCS', 'MS', 'MA', 'V', 'GUSH', 'JPM', 'MSFT', 'LABU', 'LRCX', 'JEPI', 'NUSI', 'QYLD', 'DKNG', 'BITO', 'WMT', 'DWAS', 'PALL', 'LMT', 'RBLX', 'QCOM', 'ALL', 'TAP', 'WM', 'XLB', 'XLF', 'XLI', 'XLK', 'XLP', 'XLRE', 'XLU', 'XLV', 'XLY', 'XLE', 'XRT', 'QQQ', 'TQQQ', 'SQQQ', 'SPY', 'SPXEW']
[2024-08-27 18:34:31,047] INFO in core_stock: AAPL core data
[2024-08-27 18:34:37,127] INFO in core_stock: BA core data
[2024-08-27 18:34:43,112] INFO in core_stock: NFLX core data
[2024-08-27 18:34:48,743] INFO in core_stock: AMD core data
[2024-08-27 18:34:55,184] INFO in core_stock: TSLA core data
[2024-08-27 18:34:59,331] INFO in core_stock: MGM core data
[2024-08-27 18:35:13,454] INFO in core_stock: GOOG core data
[2024-08-27 18:35:23,159] INFO in core_stock: MU core data
[2024-08-27 18:35:28,051] INFO in core_stock: CRWD core data
[2024-08-27 18:36:30,904] INFO in core_stock: SNAP core data
[2024-08-27 18:36:35,674] INFO in core_stock: PENN core data
[2024-08-27 18:36:41,691] INFO in core_stock: SLV core data
[2024-08-27 18:52:27,550] INFO in core_stock: SHOP core data
[2024-08-27 18:52:30,943] INFO in core_stock: FAS core data
[2024-08-27 19:09:10,392] INFO in core_stock: AVGO core data
[2024-08-27 19:09:13,565] INFO in core_stock: SPCE core data
[2024-08-27 19:10:53,445] INFO in pull_api_data: Watchlist file: watchlist.csv
[2024-08-27 19:10:53,445] INFO in pull_api_data: Test Size: 200
[2024-08-27 19:10:53,449] INFO in pull_api_data: Symbols: ['AAPL', 'BA', 'NFLX', 'AMD', 'TSLA', 'MGM', 'GOOG', 'MU', 'CRWD', 'SNAP', 'PENN', 'SLV', 'SHOP', 'FAS', 'AVGO', 'SPCE', 'NVDA', 'SOXL', 'TECL', 'NUGT', 'AMZN', 'ACB', 'PYPL', 'COIN', 'W', 'FIGS', 'BLK', 'GLD', 'DOCS', 'MS', 'MA', 'V', 'GUSH', 'JPM', 'MSFT', 'LABU', 'LRCX', 'JEPI', 'NUSI', 'QYLD', 'DKNG', 'BITO', 'WMT', 'DWAS', 'PALL', 'LMT', 'RBLX', 'QCOM', 'ALL', 'TAP', 'WM', 'XLB', 'XLF', 'XLI', 'XLK', 'XLP', 'XLRE', 'XLU', 'XLV', 'XLY', 'XLE', 'XRT', 'QQQ', 'TQQQ', 'SQQQ', 'SPY', 'SPXEW']
[2024-08-27 19:10:56,804] INFO in core_stock: AAPL core data
[2024-08-27 19:11:01,007] INFO in core_stock: BA core data
[2024-08-27 19:11:07,632] INFO in core_stock: NFLX core data
[2024-08-27 19:11:11,369] INFO in core_stock: AMD core data
[2024-08-27 19:11:14,911] INFO in core_stock: TSLA core data
[2024-08-27 19:11:19,385] INFO in core_stock: MGM core data
[2024-08-27 19:11:23,073] INFO in core_stock: GOOG core data
[2024-08-27 19:11:25,675] INFO in core_stock: MU core data
[2024-08-27 19:11:29,378] INFO in core_stock: CRWD core data
[2024-08-27 19:12:31,518] INFO in core_stock: SNAP core data
[2024-08-27 19:12:34,013] INFO in core_stock: PENN core data
[2024-08-27 19:12:37,881] INFO in core_stock: SLV core data
[2024-08-27 19:12:40,765] INFO in core_stock: SHOP core data
[2024-08-27 19:12:43,253] INFO in core_stock: FAS core data
[2024-08-27 19:12:46,202] INFO in core_stock: AVGO core data
[2024-08-27 19:12:49,182] INFO in core_stock: SPCE core data
[2024-08-27 19:12:52,022] INFO in core_stock: NVDA core data
[2024-08-27 19:12:55,643] INFO in core_stock: SOXL core data
[2024-08-27 19:13:58,576] INFO in core_stock: TECL core data
[2024-08-27 19:14:02,173] INFO in core_stock: NUGT core data
[2024-08-27 19:14:06,735] INFO in core_stock: AMZN core data
[2024-08-27 19:14:10,653] INFO in core_stock: ACB core data
[2024-08-27 19:14:13,238] INFO in core_stock: PYPL core data
[2024-08-27 19:14:15,604] INFO in core_stock: COIN core data
[2024-08-27 19:14:18,465] INFO in core_stock: W core data
[2024-08-27 19:14:21,024] INFO in core_stock: FIGS core data
[2024-08-27 19:14:23,139] INFO in core_stock: BLK core data
[2024-08-27 19:15:27,257] INFO in core_stock: GLD core data
[2024-08-27 19:15:30,305] INFO in core_stock: DOCS core data
[2024-08-27 19:15:34,431] INFO in core_stock: MS core data
[2024-08-27 19:15:38,421] INFO in core_stock: MA core data
[2024-08-27 19:15:41,712] INFO in core_stock: V core data
[2024-08-27 19:15:44,714] INFO in core_stock: GUSH core data
[2024-08-27 19:15:47,373] INFO in core_stock: JPM core data
[2024-08-27 19:15:51,598] INFO in core_stock: MSFT core data
[2024-08-27 19:15:55,469] INFO in core_stock: LABU core data
[2024-08-27 19:16:58,047] INFO in core_stock: LRCX core data
[2024-08-27 19:17:04,021] INFO in core_stock: JEPI core data
[2024-08-27 19:17:06,089] INFO in core_stock: NUSI core data
[2024-08-27 19:17:08,060] INFO in core_stock: QYLD core data
[2024-08-27 19:17:10,357] INFO in core_stock: DKNG core data
[2024-08-27 19:17:12,445] INFO in core_stock: BITO core data
[2024-08-27 19:17:14,447] INFO in core_stock: WMT core data
[2024-08-27 19:17:19,511] INFO in core_stock: DWAS core data
[2024-08-27 19:17:22,105] INFO in core_stock: PALL core data
[2024-08-27 19:18:25,045] INFO in core_stock: LMT core data
[2024-08-27 19:18:28,974] INFO in core_stock: RBLX core data
[2024-08-27 19:18:31,500] INFO in core_stock: QCOM core data
[2024-08-27 19:18:35,300] INFO in core_stock: ALL core data
[2024-08-27 19:18:39,208] INFO in core_stock: TAP core data
[2024-08-27 19:18:42,991] INFO in core_stock: WM core data
[2024-08-27 19:18:47,184] INFO in core_stock: XLB core data
[2024-08-27 19:18:50,739] INFO in core_stock: XLF core data
[2024-08-27 19:18:54,413] INFO in core_stock: XLI core data
[2024-08-27 19:19:58,506] INFO in core_stock: XLK core data
[2024-08-27 19:20:05,690] INFO in core_stock: XLP core data
[2024-08-27 19:20:10,911] INFO in core_stock: XLRE core data
[2024-08-27 19:20:13,367] INFO in core_stock: XLU core data
[2024-08-27 19:20:18,177] INFO in core_stock: XLV core data
[2024-08-27 19:20:21,826] INFO in core_stock: XLY core data
[2024-08-27 19:20:25,554] INFO in core_stock: XLE core data
[2024-08-27 19:20:29,169] INFO in core_stock: XRT core data
[2024-08-27 19:20:32,361] INFO in core_stock: QQQ core data
[2024-08-27 19:21:35,877] INFO in core_stock: TQQQ core data
[2024-08-27 19:21:38,834] INFO in core_stock: SQQQ core data
[2024-08-27 19:21:41,843] INFO in core_stock: SPY core data
[2024-08-28 21:16:42,454] INFO in pull_api_data: Watchlist file: watchlist.csv
[2024-08-28 21:16:42,454] INFO in pull_api_data: Test Size: 100
[2024-08-28 21:16:42,457] INFO in pull_api_data: Symbols: ['AAPL', 'BA', 'NFLX', 'AMD', 'TSLA', 'MGM', 'GOOG', 'MU', 'CRWD', 'SNAP', 'PENN', 'SLV', 'SHOP', 'FAS', 'AVGO', 'SPCE', 'NVDA', 'SOXL', 'TECL', 'NUGT', 'AMZN', 'ACB', 'PYPL', 'COIN', 'W', 'FIGS', 'BLK', 'GLD', 'DOCS', 'MS', 'MA', 'V', 'GUSH', 'JPM', 'MSFT', 'LABU', 'LRCX', 'JEPI', 'NUSI', 'QYLD', 'DKNG', 'BITO', 'WMT', 'DWAS', 'PALL', 'LMT', 'RBLX', 'QCOM', 'ALL', 'TAP', 'WM', 'XLB', 'XLF', 'XLI', 'XLK', 'XLP', 'XLRE', 'XLU', 'XLV', 'XLY', 'XLE', 'XRT', 'QQQ', 'TQQQ', 'SQQQ', 'SPY', 'SPXEW']
[2024-08-28 21:16:45,998] INFO in core_stock: AAPL core data
[2024-08-28 21:16:49,914] INFO in core_stock: BA core data
[2024-08-28 21:16:53,826] INFO in core_stock: NFLX core data
[2024-08-28 21:16:58,125] INFO in core_stock: AMD core data
[2024-08-28 21:17:06,759] INFO in core_stock: TSLA core data
[2024-08-28 21:17:11,055] INFO in core_stock: MGM core data
[2024-08-28 21:17:16,692] INFO in core_stock: GOOG core data
[2024-08-28 21:17:20,096] INFO in core_stock: MU core data
[2024-08-28 21:17:24,194] INFO in core_stock: CRWD core data
[2024-08-28 21:18:26,815] INFO in core_stock: SNAP core data
[2024-08-28 21:18:29,358] INFO in core_stock: PENN core data
[2024-08-28 21:18:33,750] INFO in core_stock: SLV core data
[2024-08-28 21:18:36,818] INFO in core_stock: SHOP core data
[2024-08-28 21:18:39,592] INFO in core_stock: FAS core data
[2024-08-28 21:18:42,748] INFO in core_stock: AVGO core data
[2024-08-28 21:18:45,808] INFO in core_stock: SPCE core data
[2024-08-28 21:18:48,492] INFO in core_stock: NVDA core data
[2024-08-28 21:18:52,900] INFO in core_stock: SOXL core data
[2024-08-28 21:19:56,567] INFO in core_stock: TECL core data
[2024-08-28 21:19:59,835] INFO in core_stock: NUGT core data
[2024-08-28 21:20:11,055] INFO in core_stock: AMZN core data
[2024-08-28 21:20:16,362] INFO in core_stock: ACB core data
[2024-08-28 21:20:19,826] INFO in core_stock: PYPL core data
[2024-08-28 21:20:22,583] INFO in core_stock: COIN core data
[2024-08-28 21:20:25,234] INFO in core_stock: W core data
[2024-08-28 21:20:27,961] INFO in core_stock: FIGS core data
[2024-08-28 21:20:30,811] INFO in core_stock: BLK core data
[2024-08-28 21:21:34,904] INFO in core_stock: GLD core data
[2024-08-28 21:21:38,289] INFO in core_stock: DOCS core data
[2024-08-28 21:21:41,121] INFO in core_stock: MS core data
[2024-08-28 21:21:45,074] INFO in core_stock: MA core data
[2024-08-28 21:21:48,685] INFO in core_stock: V core data
[2024-08-28 21:21:52,285] INFO in core_stock: GUSH core data
[2024-08-28 21:21:54,919] INFO in core_stock: JPM core data
[2024-08-28 21:21:58,917] INFO in core_stock: MSFT core data
[2024-08-28 21:22:10,016] INFO in core_stock: LABU core data
[2024-08-28 21:23:13,443] INFO in core_stock: LRCX core data
[2024-08-28 21:23:18,164] INFO in core_stock: JEPI core data
[2024-08-28 21:23:20,437] INFO in core_stock: NUSI core data
[2024-08-28 21:23:22,643] INFO in core_stock: QYLD core data
[2024-08-28 21:23:25,218] INFO in core_stock: DKNG core data
[2024-08-28 21:23:28,010] INFO in core_stock: BITO core data
[2024-08-28 21:23:30,204] INFO in core_stock: WMT core data
[2024-08-28 21:23:34,437] INFO in core_stock: DWAS core data
[2024-08-28 21:23:37,246] INFO in core_stock: PALL core data
[2024-08-28 21:24:40,450] INFO in core_stock: LMT core data
[2024-08-28 21:24:44,768] INFO in core_stock: RBLX core data
[2024-08-28 21:24:47,077] INFO in core_stock: QCOM core data
[2024-08-28 21:24:50,954] INFO in core_stock: ALL core data
[2024-08-28 21:24:55,045] INFO in core_stock: TAP core data
[2024-08-28 21:24:59,113] INFO in core_stock: WM core data
[2024-08-28 21:25:10,222] INFO in core_stock: XLB core data
[2024-08-28 21:25:14,336] INFO in core_stock: XLF core data
[2024-08-28 21:25:20,052] INFO in core_stock: XLI core data
[2024-08-28 21:26:24,131] INFO in core_stock: XLK core data
[2024-08-28 21:26:29,934] INFO in core_stock: XLP core data
[2024-08-28 21:26:34,373] INFO in core_stock: XLRE core data
[2024-08-28 21:26:37,583] INFO in core_stock: XLU core data
[2024-08-28 21:26:41,575] INFO in core_stock: XLV core data
[2024-08-28 21:26:46,535] INFO in core_stock: XLY core data
[2024-08-28 21:26:51,105] INFO in core_stock: XLE core data
[2024-08-28 21:26:54,877] INFO in core_stock: XRT core data
[2024-08-28 21:26:58,270] INFO in core_stock: QQQ core data
[2024-08-28 21:28:04,806] INFO in core_stock: TQQQ core data
[2024-08-28 21:28:10,050] INFO in core_stock: SQQQ core data
[2024-08-28 21:28:13,337] INFO in core_stock: SPY core data
